[
  {
	"Plan": {
	  "Node Type": "Nested Loop",
	  "Parallel Aware": false,
	  "Async Capable": false,
	  "Join Type": "Left",
	  "Startup Cost": 31.34,
	  "Total Cost": 53.33,
	  "Plan Rows": 15,
	  "Plan Width": 288,
	  "Actual Startup Time": 1.142,
	  "Actual Total Time": 10.547,
	  "Actual Rows": 154,
	  "Actual Loops": 1,
	  "Output": ["n.nspname", "c.relname", "i.relname", "t.spcname", "pg_get_indexdef(i.oid)"],
	  "Inner Unique": true,
	  "Shared Hit Blocks": 3131,
	  "Shared Read Blocks": 0,
	  "Shared Dirtied Blocks": 0,
	  "Shared Written Blocks": 0,
	  "Local Hit Blocks": 0,
	  "Local Read Blocks": 0,
	  "Local Dirtied Blocks": 0,
	  "Local Written Blocks": 0,
	  "Temp Read Blocks": 0,
	  "Temp Written Blocks": 0,
	  "WAL Records": 0,
	  "WAL FPI": 0,
	  "WAL Bytes": 0,
	  "Plans": [
		{
		  "Node Type": "Hash Join",
		  "Parent Relationship": "Outer",
		  "Parallel Aware": false,
		  "Async Capable": false,
		  "Join Type": "Left",
		  "Startup Cost": 31.20,
		  "Total Cost": 52.40,
		  "Plan Rows": 15,
		  "Plan Width": 200,
		  "Actual Startup Time": 0.882,
		  "Actual Total Time": 1.667,
		  "Actual Rows": 154,
		  "Actual Loops": 1,
		  "Output": ["c.relname", "i.relname", "i.oid", "i.reltablespace", "n.nspname"],
		  "Inner Unique": true,
		  "Hash Cond": "(c.relnamespace = n.oid)",
		  "Shared Hit Blocks": 34,
		  "Shared Read Blocks": 0,
		  "Shared Dirtied Blocks": 0,
		  "Shared Written Blocks": 0,
		  "Local Hit Blocks": 0,
		  "Local Read Blocks": 0,
		  "Local Dirtied Blocks": 0,
		  "Local Written Blocks": 0,
		  "Temp Read Blocks": 0,
		  "Temp Written Blocks": 0,
		  "WAL Records": 0,
		  "WAL FPI": 0,
		  "WAL Bytes": 0,
		  "Plans": [
			{
			  "Node Type": "Hash Join",
			  "Parent Relationship": "Outer",
			  "Parallel Aware": false,
			  "Async Capable": false,
			  "Join Type": "Inner",
			  "Startup Cost": 30.00,
			  "Total Cost": 51.14,
			  "Plan Rows": 15,
			  "Plan Width": 140,
			  "Actual Startup Time": 0.807,
			  "Actual Total Time": 1.482,
			  "Actual Rows": 154,
			  "Actual Loops": 1,
			  "Output": ["c.relname", "c.relnamespace", "i.relname", "i.oid", "i.reltablespace"],
			  "Inner Unique": false,
			  "Hash Cond": "(i.oid = x.indexrelid)",
			  "Shared Hit Blocks": 33,
			  "Shared Read Blocks": 0,
			  "Shared Dirtied Blocks": 0,
			  "Shared Written Blocks": 0,
			  "Local Hit Blocks": 0,
			  "Local Read Blocks": 0,
			  "Local Dirtied Blocks": 0,
			  "Local Written Blocks": 0,
			  "Temp Read Blocks": 0,
			  "Temp Written Blocks": 0,
			  "WAL Records": 0,
			  "WAL FPI": 0,
			  "WAL Bytes": 0,
			  "Plans": [
				{
				  "Node Type": "Seq Scan",
				  "Parent Relationship": "Outer",
				  "Parallel Aware": false,
				  "Async Capable": false,
				  "Relation Name": "pg_class",
				  "Schema": "pg_catalog",
				  "Alias": "i",
				  "Startup Cost": 0.00,
				  "Total Cost": 20.23,
				  "Plan Rows": 204,
				  "Plan Width": 72,
				  "Actual Startup Time": 0.027,
				  "Actual Total Time": 0.430,
				  "Actual Rows": 204,
				  "Actual Loops": 1,
				  "Output": ["i.oid", "i.relname", "i.relnamespace", "i.reltype", "i.reloftype", "i.relowner", "i.relam", "i.relfilenode", "i.reltablespace", "i.relpages", "i.reltuples", "i.relallvisible", "i.reltoastrelid", "i.relhasindex", "i.relisshared", "i.relpersistence", "i.relkind", "i.relnatts", "i.relchecks", "i.relhasrules", "i.relhastriggers", "i.relhassubclass", "i.relrowsecurity", "i.relforcerowsecurity", "i.relispopulated", "i.relreplident", "i.relispartition", "i.relrewrite", "i.relfrozenxid", "i.relminmxid", "i.relacl", "i.reloptions", "i.relpartbound"],
				  "Filter": "(i.relkind = ANY ('{i,I}'::\"char\"[]))",
				  "Rows Removed by Filter": 295,
				  "Shared Hit Blocks": 14,
				  "Shared Read Blocks": 0,
				  "Shared Dirtied Blocks": 0,
				  "Shared Written Blocks": 0,
				  "Local Hit Blocks": 0,
				  "Local Read Blocks": 0,
				  "Local Dirtied Blocks": 0,
				  "Local Written Blocks": 0,
				  "Temp Read Blocks": 0,
				  "Temp Written Blocks": 0,
				  "WAL Records": 0,
				  "WAL FPI": 0,
				  "WAL Bytes": 0
				},
				{
				  "Node Type": "Hash",
				  "Parent Relationship": "Inner",
				  "Parallel Aware": false,
				  "Async Capable": false,
				  "Startup Cost": 29.54,
				  "Total Cost": 29.54,
				  "Plan Rows": 37,
				  "Plan Width": 72,
				  "Actual Startup Time": 0.745,
				  "Actual Total Time": 0.753,
				  "Actual Rows": 154,
				  "Actual Loops": 1,
				  "Output": ["x.indexrelid", "c.relname", "c.relnamespace"],
				  "Hash Buckets": 1024,
				  "Original Hash Buckets": 1024,
				  "Hash Batches": 1,
				  "Original Hash Batches": 1,
				  "Peak Memory Usage": 24,
				  "Shared Hit Blocks": 19,
				  "Shared Read Blocks": 0,
				  "Shared Dirtied Blocks": 0,
				  "Shared Written Blocks": 0,
				  "Local Hit Blocks": 0,
				  "Local Read Blocks": 0,
				  "Local Dirtied Blocks": 0,
				  "Local Written Blocks": 0,
				  "Temp Read Blocks": 0,
				  "Temp Written Blocks": 0,
				  "WAL Records": 0,
				  "WAL FPI": 0,
				  "WAL Bytes": 0,
				  "Plans": [
					{
					  "Node Type": "Hash Join",
					  "Parent Relationship": "Outer",
					  "Parallel Aware": false,
					  "Async Capable": false,
					  "Join Type": "Inner",
					  "Startup Cost": 21.97,
					  "Total Cost": 29.54,
					  "Plan Rows": 37,
					  "Plan Width": 72,
					  "Actual Startup Time": 0.520,
					  "Actual Total Time": 0.683,
					  "Actual Rows": 154,
					  "Actual Loops": 1,
					  "Output": ["x.indexrelid", "c.relname", "c.relnamespace"],
					  "Inner Unique": true,
					  "Hash Cond": "(x.indrelid = c.oid)",
					  "Shared Hit Blocks": 19,
					  "Shared Read Blocks": 0,
					  "Shared Dirtied Blocks": 0,
					  "Shared Written Blocks": 0,
					  "Local Hit Blocks": 0,
					  "Local Read Blocks": 0,
					  "Local Dirtied Blocks": 0,
					  "Local Written Blocks": 0,
					  "Temp Read Blocks": 0,
					  "Temp Written Blocks": 0,
					  "WAL Records": 0,
					  "WAL FPI": 0,
					  "WAL Bytes": 0,
					  "Plans": [
						{
						  "Node Type": "Seq Scan",
						  "Parent Relationship": "Outer",
						  "Parallel Aware": false,
						  "Async Capable": false,
						  "Relation Name": "pg_index",
						  "Schema": "pg_catalog",
						  "Alias": "x",
						  "Startup Cost": 0.00,
						  "Total Cost": 7.03,
						  "Plan Rows": 203,
						  "Plan Width": 8,
						  "Actual Startup Time": 0.014,
						  "Actual Total Time": 0.068,
						  "Actual Rows": 204,
						  "Actual Loops": 1,
						  "Output": ["x.indexrelid", "x.indrelid", "x.indnatts", "x.indnkeyatts", "x.indisunique", "x.indnullsnotdistinct", "x.indisprimary", "x.indisexclusion", "x.indimmediate", "x.indisclustered", "x.indisvalid", "x.indcheckxmin", "x.indisready", "x.indislive", "x.indisreplident", "x.indkey", "x.indcollation", "x.indclass", "x.indoption", "x.indexprs", "x.indpred"],
						  "Shared Hit Blocks": 5,
						  "Shared Read Blocks": 0,
						  "Shared Dirtied Blocks": 0,
						  "Shared Written Blocks": 0,
						  "Local Hit Blocks": 0,
						  "Local Read Blocks": 0,
						  "Local Dirtied Blocks": 0,
						  "Local Written Blocks": 0,
						  "Temp Read Blocks": 0,
						  "Temp Written Blocks": 0,
						  "WAL Records": 0,
						  "WAL FPI": 0,
						  "WAL Bytes": 0
						},
						{
						  "Node Type": "Hash",
						  "Parent Relationship": "Inner",
						  "Parallel Aware": false,
						  "Async Capable": false,
						  "Startup Cost": 20.85,
						  "Total Cost": 20.85,
						  "Plan Rows": 90,
						  "Plan Width": 72,
						  "Actual Startup Time": 0.441,
						  "Actual Total Time": 0.443,
						  "Actual Rows": 89,
						  "Actual Loops": 1,
						  "Output": ["c.relname", "c.oid", "c.relnamespace"],
						  "Hash Buckets": 1024,
						  "Original Hash Buckets": 1024,
						  "Hash Batches": 1,
						  "Original Hash Batches": 1,
						  "Peak Memory Usage": 18,
						  "Shared Hit Blocks": 14,
						  "Shared Read Blocks": 0,
						  "Shared Dirtied Blocks": 0,
						  "Shared Written Blocks": 0,
						  "Local Hit Blocks": 0,
						  "Local Read Blocks": 0,
						  "Local Dirtied Blocks": 0,
						  "Local Written Blocks": 0,
						  "Temp Read Blocks": 0,
						  "Temp Written Blocks": 0,
						  "WAL Records": 0,
						  "WAL FPI": 0,
						  "WAL Bytes": 0,
						  "Plans": [
							{
							  "Node Type": "Seq Scan",
							  "Parent Relationship": "Outer",
							  "Parallel Aware": false,
							  "Async Capable": false,
							  "Relation Name": "pg_class",
							  "Schema": "pg_catalog",
							  "Alias": "c",
							  "Startup Cost": 0.00,
							  "Total Cost": 20.85,
							  "Plan Rows": 90,
							  "Plan Width": 72,
							  "Actual Startup Time": 0.009,
							  "Actual Total Time": 0.390,
							  "Actual Rows": 89,
							  "Actual Loops": 1,
							  "Output": ["c.relname", "c.oid", "c.relnamespace"],
							  "Filter": "(c.relkind = ANY ('{r,m,p}'::\"char\"[]))",
							  "Rows Removed by Filter": 410,
							  "Shared Hit Blocks": 14,
							  "Shared Read Blocks": 0,
							  "Shared Dirtied Blocks": 0,
							  "Shared Written Blocks": 0,
							  "Local Hit Blocks": 0,
							  "Local Read Blocks": 0,
							  "Local Dirtied Blocks": 0,
							  "Local Written Blocks": 0,
							  "Temp Read Blocks": 0,
							  "Temp Written Blocks": 0,
							  "WAL Records": 0,
							  "WAL FPI": 0,
							  "WAL Bytes": 0
							}
						  ]
						}
					  ]
					}
				  ]
				}
			  ]
			},
			{
			  "Node Type": "Hash",
			  "Parent Relationship": "Inner",
			  "Parallel Aware": false,
			  "Async Capable": false,
			  "Startup Cost": 1.09,
			  "Total Cost": 1.09,
			  "Plan Rows": 9,
			  "Plan Width": 68,
			  "Actual Startup Time": 0.029,
			  "Actual Total Time": 0.031,
			  "Actual Rows": 9,
			  "Actual Loops": 1,
			  "Output": ["n.nspname", "n.oid"],
			  "Hash Buckets": 1024,
			  "Original Hash Buckets": 1024,
			  "Hash Batches": 1,
			  "Original Hash Batches": 1,
			  "Peak Memory Usage": 9,
			  "Shared Hit Blocks": 1,
			  "Shared Read Blocks": 0,
			  "Shared Dirtied Blocks": 0,
			  "Shared Written Blocks": 0,
			  "Local Hit Blocks": 0,
			  "Local Read Blocks": 0,
			  "Local Dirtied Blocks": 0,
			  "Local Written Blocks": 0,
			  "Temp Read Blocks": 0,
			  "Temp Written Blocks": 0,
			  "WAL Records": 0,
			  "WAL FPI": 0,
			  "WAL Bytes": 0,
			  "Plans": [
				{
				  "Node Type": "Seq Scan",
				  "Parent Relationship": "Outer",
				  "Parallel Aware": false,
				  "Async Capable": false,
				  "Relation Name": "pg_namespace",
				  "Schema": "pg_catalog",
				  "Alias": "n",
				  "Startup Cost": 0.00,
				  "Total Cost": 1.09,
				  "Plan Rows": 9,
				  "Plan Width": 68,
				  "Actual Startup Time": 0.016,
				  "Actual Total Time": 0.020,
				  "Actual Rows": 9,
				  "Actual Loops": 1,
				  "Output": ["n.nspname", "n.oid"],
				  "Shared Hit Blocks": 1,
				  "Shared Read Blocks": 0,
				  "Shared Dirtied Blocks": 0,
				  "Shared Written Blocks": 0,
				  "Local Hit Blocks": 0,
				  "Local Read Blocks": 0,
				  "Local Dirtied Blocks": 0,
				  "Local Written Blocks": 0,
				  "Temp Read Blocks": 0,
				  "Temp Written Blocks": 0,
				  "WAL Records": 0,
				  "WAL FPI": 0,
				  "WAL Bytes": 0
				}
			  ]
			}
		  ]
		},
		{
		  "Node Type": "Memoize",
		  "Parent Relationship": "Inner",
		  "Parallel Aware": false,
		  "Async Capable": false,
		  "Startup Cost": 0.14,
		  "Total Cost": 0.21,
		  "Plan Rows": 1,
		  "Plan Width": 68,
		  "Actual Startup Time": 0.001,
		  "Actual Total Time": 0.001,
		  "Actual Rows": 0,
		  "Actual Loops": 154,
		  "Output": ["t.spcname", "t.oid"],
		  "Cache Key": "i.reltablespace",
		  "Cache Mode": "logical",
		  "Cache Hits": 152,
		  "Cache Misses": 2,
		  "Cache Evictions": 0,
		  "Cache Overflows": 0,
		  "Peak Memory Usage": 1,
		  "Shared Hit Blocks": 3,
		  "Shared Read Blocks": 0,
		  "Shared Dirtied Blocks": 0,
		  "Shared Written Blocks": 0,
		  "Local Hit Blocks": 0,
		  "Local Read Blocks": 0,
		  "Local Dirtied Blocks": 0,
		  "Local Written Blocks": 0,
		  "Temp Read Blocks": 0,
		  "Temp Written Blocks": 0,
		  "WAL Records": 0,
		  "WAL FPI": 0,
		  "WAL Bytes": 0,
		  "Plans": [
			{
			  "Node Type": "Index Scan",
			  "Parent Relationship": "Outer",
			  "Parallel Aware": false,
			  "Async Capable": false,
			  "Scan Direction": "Forward",
			  "Index Name": "pg_tablespace_oid_index",
			  "Relation Name": "pg_tablespace",
			  "Schema": "pg_catalog",
			  "Alias": "t",
			  "Startup Cost": 0.13,
			  "Total Cost": 0.20,
			  "Plan Rows": 1,
			  "Plan Width": 68,
			  "Actual Startup Time": 0.006,
			  "Actual Total Time": 0.006,
			  "Actual Rows": 0,
			  "Actual Loops": 2,
			  "Output": ["t.spcname", "t.oid"],
			  "Index Cond": "(t.oid = i.reltablespace)",
			  "Rows Removed by Index Recheck": 0,
			  "Shared Hit Blocks": 3,
			  "Shared Read Blocks": 0,
			  "Shared Dirtied Blocks": 0,
			  "Shared Written Blocks": 0,
			  "Local Hit Blocks": 0,
			  "Local Read Blocks": 0,
			  "Local Dirtied Blocks": 0,
			  "Local Written Blocks": 0,
			  "Temp Read Blocks": 0,
			  "Temp Written Blocks": 0,
			  "WAL Records": 0,
			  "WAL FPI": 0,
			  "WAL Bytes": 0
			}
		  ]
		}
	  ]
	},
	"Settings": {
	},
	"Planning": {
	  "Shared Hit Blocks": 34,
	  "Shared Read Blocks": 0,
	  "Shared Dirtied Blocks": 0,
	  "Shared Written Blocks": 0,
	  "Local Hit Blocks": 0,
	  "Local Read Blocks": 0,
	  "Local Dirtied Blocks": 0,
	  "Local Written Blocks": 0,
	  "Temp Read Blocks": 0,
	  "Temp Written Blocks": 0,
	  "Memory Used": 225,
	  "Memory Allocated": 256
	},
	"Planning Time": 2.226,
	"Triggers": [
	],
	"Serialization": {
	  "Time": 0.150,
	  "Output Volume": 25,
	  "Format": "text",
	  "Shared Hit Blocks": 0,
	  "Shared Read Blocks": 0,
	  "Shared Dirtied Blocks": 0,
	  "Shared Written Blocks": 0,
	  "Local Hit Blocks": 0,
	  "Local Read Blocks": 0,
	  "Local Dirtied Blocks": 0,
	  "Local Written Blocks": 0,
	  "Temp Read Blocks": 0,
	  "Temp Written Blocks": 0
	},
	"Execution Time": 10.961
  }
]